<?xml version="1.0" encoding="UTF-8"?>
<!-- Generated by org.testng.reporters.JUnitReportReporter -->
<testsuite hostname="DESKTOP-K0KFVFH" failures="0" tests="7" name="com.OHRM_Testing.AddEmployee_Validation_Excel_TestNG" time="22.673" errors="0" timestamp="2024-05-15T19:03:40 IST" skipped="0">
  <testcase classname="com.OHRM_Testing.AddEmployee_Validation_Excel_TestNG" name="oHRM_LOginpage_Validation" time="0.244"/>
  <system-out/>
  <testcase classname="com.OHRM_Testing.AddEmployee_Validation_Excel_TestNG" name="oHRM_LoginPage_Test" time="2.097"/>
  <system-out/>
  <testcase classname="com.OHRM_Testing.AddEmployee_Validation_Excel_TestNG" name="oHRM_Homepage_Validation" time="0.077"/>
  <system-out/>
  <testcase classname="com.OHRM_Testing.AddEmployee_Validation_Excel_TestNG" name="addEmployeePage_Validation" time="1.839"/>
  <system-out/>
  <testcase classname="com.OHRM_Testing.AddEmployee_Validation_Excel_TestNG" name="addEmployeePage_Test" time="11.955"/>
  <system-out/>
  <testcase classname="com.OHRM_Testing.AddEmployee_Validation_Excel_TestNG" name="logout_Test" time="6.322"/>
  <system-out/>
  <testcase classname="com.OHRM_Testing.AddEmployee_Validation_Excel_TestNG" name="loginPage_Validation_AfterLogout" time="0.139"/>
  <system-out/>
</testsuite> <!-- com.OHRM_Testing.AddEmployee_Validation_Excel_TestNG -->
