<?xml version="1.0" encoding="UTF-8"?>
<!-- Generated by org.testng.reporters.JUnitReportReporter -->
<testsuite hostname="DESKTOP-K0KFVFH" failures="0" tests="2" name="com.OHRM_Testing.OHRM_LoginFunctionality_Validation_TestNG" time="22.546" errors="0" timestamp="2024-05-20T16:43:49 IST" skipped="0">
  <testcase classname="com.OHRM_Testing.OHRM_LoginFunctionality_Validation_TestNG" name="loginpage_Validation" time="0.989"/>
  <system-out/>
  <testcase classname="com.OHRM_Testing.OHRM_LoginFunctionality_Validation_TestNG" name="oHRM_Login_Test" time="21.557"/>
  <system-out/>
</testsuite> <!-- com.OHRM_Testing.OHRM_LoginFunctionality_Validation_TestNG -->
