<?xml version="1.0" encoding="UTF-8"?>
<!-- Generated by org.testng.reporters.JUnitReportReporter -->
<testsuite hostname="DESKTOP-K0KFVFH" failures="0" tests="6" name="com.TestNG_BasicScripts.Annotations1" time="0.038" errors="0" timestamp="2024-05-08T14:33:18 IST" skipped="0">
  <testcase classname="com.TestNG_BasicScripts.Annotations1" name="gmailApplicationClose" time="0.003"/>
  <system-out/>
  <testcase classname="com.TestNG_BasicScripts.Annotations1" name="LogInTest" time="0.003"/>
  <system-out/>
  <testcase classname="com.TestNG_BasicScripts.Annotations1" name="gmailApplicationLaunch" time="0.003"/>
  <system-out/>
  <testcase classname="com.TestNG_BasicScripts.Annotations1" name="sentMailTest" time="0.002"/>
  <system-out/>
  <testcase classname="com.TestNG_BasicScripts.Annotations1" name="DraftsMailTest" time="0.022"/>
  <system-out/>
  <testcase classname="com.TestNG_BasicScripts.Annotations1" name="composeMailTest" time="0.005"/>
  <system-out/>
</testsuite> <!-- com.TestNG_BasicScripts.Annotations1 -->
