<?xml version="1.0" encoding="UTF-8"?>
<!-- Generated by org.testng.reporters.JUnitReportReporter -->
<testsuite hostname="DESKTOP-K0KFVFH" failures="0" tests="6" name="com.OHRM_Testing.OHRM_GetEmployeeList_WriteExcel_TestNG" time="19.490" errors="0" timestamp="2024-05-15T19:03:40 IST" skipped="0">
  <testcase classname="com.OHRM_Testing.OHRM_GetEmployeeList_WriteExcel_TestNG" name="oHRM_LoginPage_Validation" time="0.185"/>
  <system-out/>
  <testcase classname="com.OHRM_Testing.OHRM_GetEmployeeList_WriteExcel_TestNG" name="oHRM_Login_Test" time="2.114"/>
  <system-out/>
  <testcase classname="com.OHRM_Testing.OHRM_GetEmployeeList_WriteExcel_TestNG" name="oHRM_Homepage_Validation" time="0.095"/>
  <system-out/>
  <testcase classname="com.OHRM_Testing.OHRM_GetEmployeeList_WriteExcel_TestNG" name="employeeListPage_Validation" time="2.758"/>
  <system-out/>
  <testcase classname="com.OHRM_Testing.OHRM_GetEmployeeList_WriteExcel_TestNG" name="getEmployeeList" time="8.355"/>
  <system-out/>
  <testcase classname="com.OHRM_Testing.OHRM_GetEmployeeList_WriteExcel_TestNG" name="logout_Test" time="5.983"/>
  <system-out/>
</testsuite> <!-- com.OHRM_Testing.OHRM_GetEmployeeList_WriteExcel_TestNG -->
