<?xml version="1.0" encoding="UTF-8"?>
<!-- Generated by org.testng.reporters.JUnitReportReporter -->
<testsuite hostname="DESKTOP-K0KFVFH" failures="0" tests="6" name="com.OrangeHRMApplication_Testcases.OHRM_GetEmployeeList_WriteExcel_TestNG" time="20.989" errors="0" timestamp="2024-05-15T17:01:33 IST" skipped="0">
  <testcase classname="com.OrangeHRMApplication_Testcases.OHRM_GetEmployeeList_WriteExcel_TestNG" name="oHRM_LoginPage_Validation" time="0.240"/>
  <system-out/>
  <testcase classname="com.OrangeHRMApplication_Testcases.OHRM_GetEmployeeList_WriteExcel_TestNG" name="oHRM_Login_Test" time="2.156"/>
  <system-out/>
  <testcase classname="com.OrangeHRMApplication_Testcases.OHRM_GetEmployeeList_WriteExcel_TestNG" name="oHRM_Homepage_Validation" time="0.084"/>
  <system-out/>
  <testcase classname="com.OrangeHRMApplication_Testcases.OHRM_GetEmployeeList_WriteExcel_TestNG" name="employeeListPage_Validation" time="3.990"/>
  <system-out/>
  <testcase classname="com.OrangeHRMApplication_Testcases.OHRM_GetEmployeeList_WriteExcel_TestNG" name="getEmployeeList" time="8.523"/>
  <system-out/>
  <testcase classname="com.OrangeHRMApplication_Testcases.OHRM_GetEmployeeList_WriteExcel_TestNG" name="logout_Test" time="5.996"/>
  <system-out/>
</testsuite> <!-- com.OrangeHRMApplication_Testcases.OHRM_GetEmployeeList_WriteExcel_TestNG -->
