<?xml version="1.0" encoding="UTF-8"?>
<!-- Generated by org.testng.reporters.JUnitReportReporter -->
<testsuite hostname="DESKTOP-K0KFVFH" failures="0" tests="2" name="com.OrangeHRMApplication_Testcases.OHRM_LoginFunctionality_Validation_TestNG" time="12.774" errors="1" timestamp="2024-05-15T12:55:20 IST" skipped="0">
  <testcase classname="com.OrangeHRMApplication_Testcases.OHRM_LoginFunctionality_Validation_TestNG" name="loginpage_Validation" time="1.360"/>
  <system-out/>
  <testcase classname="com.OrangeHRMApplication_Testcases.OHRM_LoginFunctionality_Validation_TestNG" name="oHRM_Login_Test" time="11.414">
    <error type="org.apache.xmlbeans.impl.values.XmlValueDisconnectedException">
      <![CDATA[org.apache.xmlbeans.impl.values.XmlValueDisconnectedException
at org.apache.xmlbeans.impl.values.XmlObjectBase.check_orphaned(XmlObjectBase.java:1213)
at org.apache.xmlbeans.impl.values.XmlObjectBase.newCursor(XmlObjectBase.java:243)
at org.apache.xmlbeans.impl.values.XmlComplexContentImpl.arraySetterHelper(XmlComplexContentImpl.java:1073)
at org.openxmlformats.schemas.spreadsheetml.x2006.main.impl.CTFontsImpl.setFontArray(Unknown Source)
at org.apache.poi.xssf.model.StylesTable.writeTo(StylesTable.java:385)
at org.apache.poi.xssf.model.StylesTable.commit(StylesTable.java:443)
at org.apache.poi.POIXMLDocumentPart.onSave(POIXMLDocumentPart.java:313)
at org.apache.poi.POIXMLDocumentPart.onSave(POIXMLDocumentPart.java:317)
at org.apache.poi.POIXMLDocument.write(POIXMLDocument.java:173)
at com.OrangeHRMApplication_Testcases.OHRM_LoginFunctionality_Validation_TestNG.oHRM_Login_Test(OHRM_LoginFunctionality_Validation_TestNG.java:196)
at java.base/jdk.internal.reflect.NativeMethodAccessorImpl.invoke0(Native Method)
at java.base/jdk.internal.reflect.NativeMethodAccessorImpl.invoke(NativeMethodAccessorImpl.java:77)
at java.base/jdk.internal.reflect.DelegatingMethodAccessorImpl.invoke(DelegatingMethodAccessorImpl.java:43)
at java.base/java.lang.reflect.Method.invoke(Method.java:568)
at org.testng.internal.MethodInvocationHelper.invokeMethod(MethodInvocationHelper.java:133)
at org.testng.internal.TestInvoker.invokeMethod(TestInvoker.java:598)
at org.testng.internal.TestInvoker.invokeTestMethod(TestInvoker.java:173)
at org.testng.internal.MethodRunner.runInSequence(MethodRunner.java:46)
at org.testng.internal.TestInvoker$MethodInvocationAgent.invoke(TestInvoker.java:824)
at org.testng.internal.TestInvoker.invokeTestMethods(TestInvoker.java:146)
at org.testng.internal.TestMethodWorker.invokeTestMethods(TestMethodWorker.java:146)
at org.testng.internal.TestMethodWorker.run(TestMethodWorker.java:128)
at java.base/java.util.ArrayList.forEach(ArrayList.java:1511)
at org.testng.TestRunner.privateRun(TestRunner.java:794)
at org.testng.TestRunner.run(TestRunner.java:596)
at org.testng.SuiteRunner.runTest(SuiteRunner.java:377)
at org.testng.SuiteRunner.runSequentially(SuiteRunner.java:371)
at org.testng.SuiteRunner.privateRun(SuiteRunner.java:332)
at org.testng.SuiteRunner.run(SuiteRunner.java:276)
at org.testng.SuiteRunnerWorker.runSuite(SuiteRunnerWorker.java:53)
at org.testng.SuiteRunnerWorker.run(SuiteRunnerWorker.java:96)
at org.testng.TestNG.runSuitesSequentially(TestNG.java:1212)
at org.testng.TestNG.runSuitesLocally(TestNG.java:1134)
at org.testng.TestNG.runSuites(TestNG.java:1063)
at org.testng.TestNG.run(TestNG.java:1031)
at org.testng.remote.AbstractRemoteTestNG.run(AbstractRemoteTestNG.java:115)
at org.testng.remote.RemoteTestNG.initAndRun(RemoteTestNG.java:293)
at org.testng.remote.RemoteTestNG.main(RemoteTestNG.java:91)
]]>
    </error>
  </testcase> <!-- oHRM_Login_Test -->
  <system-out/>
</testsuite> <!-- com.OrangeHRMApplication_Testcases.OHRM_LoginFunctionality_Validation_TestNG -->
