<?xml version="1.0" encoding="UTF-8"?>
<!-- Generated by org.testng.reporters.JUnitReportReporter -->
<testsuite hostname="DESKTOP-K0KFVFH" failures="0" tests="7" name="com.OrangeHRMApplication_Testcases.AddEmployee_Validation_Excel_TestNG" time="24.605" errors="0" timestamp="2024-05-15T17:01:33 IST" skipped="0">
  <testcase classname="com.OrangeHRMApplication_Testcases.AddEmployee_Validation_Excel_TestNG" name="oHRM_LOginpage_Validation" time="1.112"/>
  <system-out/>
  <testcase classname="com.OrangeHRMApplication_Testcases.AddEmployee_Validation_Excel_TestNG" name="oHRM_LoginPage_Test" time="2.877"/>
  <system-out/>
  <testcase classname="com.OrangeHRMApplication_Testcases.AddEmployee_Validation_Excel_TestNG" name="oHRM_Homepage_Validation" time="0.069"/>
  <system-out/>
  <testcase classname="com.OrangeHRMApplication_Testcases.AddEmployee_Validation_Excel_TestNG" name="addEmployeePage_Validation" time="1.273"/>
  <system-out/>
  <testcase classname="com.OrangeHRMApplication_Testcases.AddEmployee_Validation_Excel_TestNG" name="addEmployeePage_Test" time="12.997"/>
  <system-out/>
  <testcase classname="com.OrangeHRMApplication_Testcases.AddEmployee_Validation_Excel_TestNG" name="logout_Test" time="6.060"/>
  <system-out/>
  <testcase classname="com.OrangeHRMApplication_Testcases.AddEmployee_Validation_Excel_TestNG" name="loginPage_Validation_AfterLogout" time="0.217"/>
  <system-out/>
</testsuite> <!-- com.OrangeHRMApplication_Testcases.AddEmployee_Validation_Excel_TestNG -->
