<?xml version="1.0" encoding="UTF-8"?>
<!-- Generated by org.testng.reporters.JUnitReportReporter -->
<testsuite hostname="DESKTOP-K0KFVFH" failures="0" tests="3" name="com.OrangeHRMApplication_WepPages_Test.LoginPage_Test" time="18.990" errors="0" timestamp="2024-05-20T17:03:16 IST" skipped="0">
  <testcase classname="com.OrangeHRMApplication_WepPages_Test.LoginPage_Test" name="loginpage_loginPannel_Validatiion_Test" time="0.624"/>
  <system-out/>
  <testcase classname="com.OrangeHRMApplication_WepPages_Test.LoginPage_Test" name="loginPage_Title_Validation_Test" time="0.161"/>
  <system-out/>
  <testcase classname="com.OrangeHRMApplication_WepPages_Test.LoginPage_Test" name="OHRM_Login_Validation_Test" time="18.205"/>
  <system-out/>
</testsuite> <!-- com.OrangeHRMApplication_WepPages_Test.LoginPage_Test -->
